[    0.000000] Initializing cgroup subsys cpuset
[    0.000000] Initializing cgroup subsys cpu
[    0.000000] Initializing cgroup subsys cpuacct
[    0.000000] Linux version 4.4.0-203-generic (buildd@lcy01-amd64-027) (gcc version 5.4.0 20160609 (Ubuntu 5.4.0-6ubuntu1~16.04.12) ) #235-Ubuntu SMP Tue Feb 2 02:49:08 UTC 2021 (Ubuntu 4.4.0-203.235-generic 4.4.249)
[    0.000000] Command line: BOOT_IMAGE=/boot/vmlinuz-4.4.0-203-generic root=LABEL=cloudimg-rootfs ro console=tty1 console=ttyS0
[    0.000000] KERNEL supported cpus:
[    0.000000]   Intel GenuineIntel
[    0.000000]   AMD AuthenticAMD
[    0.000000]   Centaur CentaurHauls
[    0.000000] x86/fpu: xstate_offset[2]:  576, xstate_sizes[2]:  256
[    0.000000] x86/fpu: Supporting XSAVE feature 0x01: 'x87 floating point registers'
[    0.000000] x86/fpu: Supporting XSAVE feature 0x02: 'SSE registers'
[    0.000000] x86/fpu: Supporting XSAVE feature 0x04: 'AVX registers'
[    0.000000] x86/fpu: Enabled xstate features 0x7, context size is 832 bytes, using 'standard' format.
[    0.000000] e820: BIOS-provided physical RAM map:
[    0.000000] BIOS-e820: [mem 0x0000000000000000-0x000000000009fbff] usable
[    0.000000] BIOS-e820: [mem 0x000000000009fc00-0x000000000009ffff] reserved
[    0.000000] BIOS-e820: [mem 0x00000000000f0000-0x00000000000fffff] reserved
[    0.000000] BIOS-e820: [mem 0x0000000000100000-0x000000003ffeffff] usable
[    0.000000] BIOS-e820: [mem 0x000000003fff0000-0x000000003fffffff] ACPI data
[    0.000000] BIOS-e820: [mem 0x00000000fec00000-0x00000000fec00fff] reserved
[    0.000000] BIOS-e820: [mem 0x00000000fee00000-0x00000000fee00fff] reserved
[    0.000000] BIOS-e820: [mem 0x00000000fffc0000-0x00000000ffffffff] reserved
[    0.000000] NX (Execute Disable) protection: active
[    0.000000] SMBIOS 2.5 present.
[    0.000000] Hypervisor detected: KVM
[    0.000000] e820: last_pfn = 0x3fff0 max_arch_pfn = 0x400000000
[    0.000000] MTRR: Disabled
[    0.000000] x86/PAT: MTRRs disabled, skipping PAT initialization too.
[    0.000000] CPU MTRRs all blank - virtualized system.
[    0.000000] x86/PAT: Configuration [0-7]: WB  WT  UC- UC  WB  WT  UC- UC  
[    0.000000] found SMP MP-table at [mem 0x0009fff0-0x0009ffff] mapped at [ffff88000009fff0]
[    0.000000] Scanning 1 areas for low memory corruption
[    0.000000] RAMDISK: [mem 0x362da000-0x37164fff]
[    0.000000] ACPI: Early table checksum verification disabled
[    0.000000] ACPI: RSDP 0x00000000000E0000 000024 (v02 VBOX  )
[    0.000000] ACPI: XSDT 0x000000003FFF0030 00003C (v01 VBOX   VBOXXSDT 00000001 ASL  00000061)
[    0.000000] ACPI: FACP 0x000000003FFF00F0 0000F4 (v04 VBOX   VBOXFACP 00000001 ASL  00000061)
[    0.000000] ACPI: DSDT 0x000000003FFF0470 002325 (v02 VBOX   VBOXBIOS 00000002 INTL 20181213)
[    0.000000] ACPI: FACS 0x000000003FFF0200 000040
[    0.000000] ACPI: FACS 0x000000003FFF0200 000040
[    0.000000] ACPI: APIC 0x000000003FFF0240 00005C (v02 VBOX   VBOXAPIC 00000001 ASL  00000061)
[    0.000000] ACPI: SSDT 0x000000003FFF02A0 0001CC (v01 VBOX   VBOXCPUT 00000002 INTL 20181213)
[    0.000000] No NUMA configuration found
[    0.000000] Faking a node at [mem 0x0000000000000000-0x000000003ffeffff]
[    0.000000] NODE_DATA(0) allocated [mem 0x3ffeb000-0x3ffeffff]
[    0.000000] kvm-clock: Using msrs 4b564d01 and 4b564d00
[    0.000000] kvm-clock: cpu 0, msr 0:3ffe3001, primary cpu clock
[    0.000000] kvm-clock: using sched offset of 3380889324 cycles
[    0.000000] clocksource: kvm-clock: mask: 0xffffffffffffffff max_cycles: 0x1cd42e4dffb, max_idle_ns: 881590591483 ns
[    0.000000] Zone ranges:
[    0.000000]   DMA      [mem 0x0000000000001000-0x0000000000ffffff]
[    0.000000]   DMA32    [mem 0x0000000001000000-0x000000003ffeffff]
[    0.000000]   Normal   empty
[    0.000000]   Device   empty
[    0.000000] Movable zone start for each node
[    0.000000] Early memory node ranges
[    0.000000]   node   0: [mem 0x0000000000001000-0x000000000009efff]
[    0.000000]   node   0: [mem 0x0000000000100000-0x000000003ffeffff]
[    0.000000] Initmem setup node 0 [mem 0x0000000000001000-0x000000003ffeffff]
[    0.000000] ACPI: PM-Timer IO Port: 0x4008
[    0.000000] IOAPIC[0]: apic_id 2, version 32, address 0xfec00000, GSI 0-23
[    0.000000] ACPI: INT_SRC_OVR (bus 0 bus_irq 0 global_irq 2 dfl dfl)
[    0.000000] ACPI: INT_SRC_OVR (bus 0 bus_irq 9 global_irq 9 low level)
[    0.000000] Using ACPI (MADT) for SMP configuration information
[    0.000000] smpboot: Allowing 2 CPUs, 0 hotplug CPUs
[    0.000000] PM: Registered nosave memory: [mem 0x00000000-0x00000fff]
[    0.000000] PM: Registered nosave memory: [mem 0x0009f000-0x0009ffff]
[    0.000000] PM: Registered nosave memory: [mem 0x000a0000-0x000effff]
[    0.000000] PM: Registered nosave memory: [mem 0x000f0000-0x000fffff]
[    0.000000] e820: [mem 0x40000000-0xfebfffff] available for PCI devices
[    0.000000] Booting paravirtualized kernel on KVM
[    0.000000] clocksource: refined-jiffies: mask: 0xffffffff max_cycles: 0xffffffff, max_idle_ns: 7645519600211568 ns
[    0.000000] setup_percpu: NR_CPUS:512 nr_cpumask_bits:512 nr_cpu_ids:2 nr_node_ids:1
[    0.000000] PERCPU: Embedded 33 pages/cpu @ffff88003fc00000 s95640 r8192 d31336 u1048576
[    0.000000] Built 1 zonelists in Node order, mobility grouping on.  Total pages: 257912
[    0.000000] Policy zone: DMA32
[    0.000000] Kernel command line: BOOT_IMAGE=/boot/vmlinuz-4.4.0-203-generic root=LABEL=cloudimg-rootfs ro console=tty1 console=ttyS0
[    0.000000] PID hash table entries: 4096 (order: 3, 32768 bytes)
[    0.000000] Memory: 997648K/1048120K available (8641K kernel code, 1337K rwdata, 4044K rodata, 1496K init, 1296K bss, 50472K reserved, 0K cma-reserved)
[    0.000000] SLUB: HWalign=64, Order=0-3, MinObjects=0, CPUs=2, Nodes=1
[    0.000000] Kernel/User page tables isolation: enabled
[    0.000000] Hierarchical RCU implementation.
[    0.000000] 	Build-time adjustment of leaf fanout to 64.
[    0.000000] 	RCU restricting CPUs from NR_CPUS=512 to nr_cpu_ids=2.
[    0.000000] RCU: Adjusting geometry for rcu_fanout_leaf=64, nr_cpu_ids=2
[    0.000000] NR_IRQS:33024 nr_irqs:440 16
[    0.000000] Console: colour VGA+ 80x25
[    0.000000] console [tty1] enabled
[    0.000000] console [ttyS0] enabled
[    0.000000] tsc: Detected 2711.946 MHz processor
[    0.139296] Calibrating delay loop (skipped) preset value.. 5423.89 BogoMIPS (lpj=10847784)
[    0.141023] pid_max: default: 32768 minimum: 301
[    0.142005] ACPI: Core revision 20150930
[    0.143626] ACPI: 2 ACPI AML tables successfully acquired and loaded
[    0.144840] Security Framework initialized
[    0.145817] Yama: becoming mindful.
[    0.146511] AppArmor: AppArmor initialized
[    0.147313] Dentry cache hash table entries: 131072 (order: 8, 1048576 bytes)
[    0.149411] Inode-cache hash table entries: 65536 (order: 7, 524288 bytes)
[    0.150636] Mount-cache hash table entries: 2048 (order: 2, 16384 bytes)
[    0.151874] Mountpoint-cache hash table entries: 2048 (order: 2, 16384 bytes)
[    0.153104] Initializing cgroup subsys io
[    0.153878] Initializing cgroup subsys memory
[    0.154947] Initializing cgroup subsys devices
[    0.155757] Initializing cgroup subsys freezer
[    0.156552] Initializing cgroup subsys net_cls
[    0.157357] Initializing cgroup subsys perf_event
[    0.158178] Initializing cgroup subsys net_prio
[    0.158988] Initializing cgroup subsys hugetlb
[    0.159768] Initializing cgroup subsys pids
[    0.175913] mce: CPU supports 0 MCE banks
[    0.176916] Last level iTLB entries: 4KB 64, 2MB 8, 4MB 8
[    0.177856] Last level dTLB entries: 4KB 64, 2MB 0, 4MB 0, 1GB 4
[    0.178859] Spectre V1 : Mitigation: usercopy/swapgs barriers and __user pointer sanitization
[    0.180309] Spectre V2 : Mitigation: Full generic retpoline
[    0.181202] Spectre V2 : Spectre v2 / SpectreRSB mitigation: Filling RSB on context switch
[    0.182616] Speculative Store Bypass: Vulnerable
[    0.183417] SRBDS: Unknown: Dependent on hypervisor status
[    0.184575] MDS: Mitigation: Clear CPU buffers
[    0.187967] Freeing SMP alternatives memory: 36K
[    0.194836] ftrace: allocating 32366 entries in 127 pages
[    0.254287] smpboot: APIC(0) Converting physical 0 to logical package 0
[    0.255434] smpboot: Max logical packages: 1
[    0.256544] x2apic enabled
[    0.257364] Switched APIC routing to physical x2apic.
[    0.259241] ..TIMER: vector=0x30 apic1=0 pin1=2 apic2=-1 pin2=-1
[    0.368375] smpboot: CPU0: Intel(R) Core(TM) i5-7200U CPU @ 2.50GHz (family: 0x6, model: 0x8e, stepping: 0x9)
[    0.370288] Performance Events: unsupported p6 CPU model 142 no PMU driver, software events only.
[    0.383647] KVM setup paravirtual spinlock
[    0.385256] x86: Booting SMP configuration:
[    0.385996] .... node  #0, CPUs:      #1
[    0.386970] kvm-clock: cpu 1, msr 0:3ffe3041, secondary cpu clock
[    0.407157] mce: CPU supports 0 MCE banks
[    0.410960] x86: Booted up 1 node, 2 CPUs
[    0.411888] smpboot: Total of 2 processors activated (10847.78 BogoMIPS)
[    0.413303] devtmpfs: initialized
[    0.415964] evm: security.selinux
[    0.416829] evm: security.SMACK64
[    0.417471] evm: security.SMACK64EXEC
[    0.418141] evm: security.SMACK64TRANSMUTE
[    0.418910] evm: security.SMACK64MMAP
[    0.419612] evm: security.ima
[    0.420215] evm: security.capability
[    0.421064] clocksource: jiffies: mask: 0xffffffff max_cycles: 0xffffffff, max_idle_ns: 7645041785100000 ns
[    0.422665] futex hash table entries: 512 (order: 3, 32768 bytes)
[    0.423855] pinctrl core: initialized pinctrl subsystem
[    0.424948] RTC time: 20:48:19, date: 03/15/21
[    0.426091] NET: Registered protocol family 16
[    0.436492] cpuidle: using governor ladder
[    0.448785] cpuidle: using governor menu
[    0.449683] PCCT header not found.
[    0.450732] ACPI: bus type PCI registered
[    0.451589] acpiphp: ACPI Hot Plug PCI Controller Driver version: 0.5
[    0.452934] PCI: Using configuration type 1 for base access
[    0.465078] ACPI: Added _OSI(Module Device)
[    0.466015] ACPI: Added _OSI(Processor Device)
[    0.466825] ACPI: Added _OSI(3.0 _SCP Extensions)
[    0.467671] ACPI: Added _OSI(Processor Aggregator Device)
[    0.469208] ACPI: Executed 1 blocks of module-level executable AML code
[    0.472164] ACPI: Interpreter enabled
[    0.473092] ACPI: (supports S0 S5)
[    0.473931] ACPI: Using IOAPIC for interrupt routing
[    0.475235] PCI: Using host bridge windows from ACPI; if necessary, use "pci=nocrs" and report a bug
[    0.480470] ACPI: PCI Root Bridge [PCI0] (domain 0000 [bus 00-ff])
[    0.481462] acpi PNP0A03:00: _OSC: OS supports [ASPM ClockPM Segments MSI]
[    0.482792] acpi PNP0A03:00: _OSC: not requesting OS control; OS requires [ExtendedConfig ASPM ClockPM MSI]
[    0.484432] acpi PNP0A03:00: fail to add MMCONFIG information, can't access extended PCI configuration space under this bridge.
[    0.486793] PCI host bridge to bus 0000:00
[    0.487567] pci_bus 0000:00: root bus resource [io  0x0000-0x0cf7 window]
[    0.488636] pci_bus 0000:00: root bus resource [io  0x0d00-0xffff window]
[    0.489785] pci_bus 0000:00: root bus resource [mem 0x000a0000-0x000bffff window]
[    0.491492] pci_bus 0000:00: root bus resource [mem 0x40000000-0xfdffffff window]
[    0.495156] pci_bus 0000:00: root bus resource [bus 00-ff]
[    0.501830] pci 0000:00:01.1: legacy IDE quirk: reg 0x10: [io  0x01f0-0x01f7]
[    0.502968] pci 0000:00:01.1: legacy IDE quirk: reg 0x14: [io  0x03f6]
[    0.504183] pci 0000:00:01.1: legacy IDE quirk: reg 0x18: [io  0x0170-0x0177]
[    0.514673] pci 0000:00:01.1: legacy IDE quirk: reg 0x1c: [io  0x0376]
[    0.535374] pci 0000:00:07.0: quirk: [io  0x4000-0x403f] claimed by PIIX4 ACPI
[    0.536785] pci 0000:00:07.0: quirk: [io  0x4100-0x410f] claimed by PIIX4 SMB
[    0.545056] ACPI: PCI Interrupt Link [LNKA] (IRQs 5 9 10 *11)
[    0.546687] ACPI: PCI Interrupt Link [LNKB] (IRQs 5 9 *10 11)
[    0.548157] ACPI: PCI Interrupt Link [LNKC] (IRQs 5 *9 10 11)
[    0.549697] ACPI: PCI Interrupt Link [LNKD] (IRQs 5 9 10 *11)
[    0.551187] ACPI: Enabled 2 GPEs in block 00 to 07
[    0.552690] vgaarb: setting as boot device: PCI:0000:00:02.0
[    0.553762] vgaarb: device added: PCI:0000:00:02.0,decodes=io+mem,owns=io+mem,locks=none
[    0.555365] vgaarb: loaded
[    0.555962] vgaarb: bridge control possible 0000:00:02.0
[    0.557259] SCSI subsystem initialized
[    0.558075] ACPI: bus type USB registered
[    0.558856] usbcore: registered new interface driver usbfs
[    0.559770] usbcore: registered new interface driver hub
[    0.560677] usbcore: registered new device driver usb
[    0.561781] PCI: Using ACPI for IRQ routing
[    0.563748] NetLabel: Initializing
[    0.564414] NetLabel:  domain hash size = 128
[    0.565168] NetLabel:  protocols = UNLABELED CIPSOv4
[    0.566149] NetLabel:  unlabeled traffic allowed by default
[    0.567398] amd_nb: Cannot enumerate AMD northbridges
[    0.568461] clocksource: Switched to clocksource kvm-clock
[    0.575568] AppArmor: AppArmor Filesystem Enabled
[    0.576634] pnp: PnP ACPI init
[    0.578009] pnp: PnP ACPI: found 3 devices
[    0.587578] clocksource: acpi_pm: mask: 0xffffff max_cycles: 0xffffff, max_idle_ns: 2085701024 ns
[    0.589501] NET: Registered protocol family 2
[    0.590793] TCP established hash table entries: 8192 (order: 4, 65536 bytes)
[    0.592227] TCP bind hash table entries: 8192 (order: 5, 131072 bytes)
[    0.593298] TCP: Hash tables configured (established 8192 bind 8192)
[    0.594312] UDP hash table entries: 512 (order: 2, 16384 bytes)
[    0.595353] UDP-Lite hash table entries: 512 (order: 2, 16384 bytes)
[    0.596386] NET: Registered protocol family 1
[    0.597264] pci 0000:00:00.0: Limiting direct PCI/PCI transfers
[    0.598376] pci 0000:00:01.0: Activating ISA DMA hang workarounds
[    0.599633] Unpacking initramfs...
[    0.816992] Freeing initrd memory: 14892K
[    0.818185] clocksource: tsc: mask: 0xffffffffffffffff max_cycles: 0x27175371e47, max_idle_ns: 440795248286 ns
[    0.820160] platform rtc_cmos: registered platform RTC device (no PNP device found)
[    0.821653] Scanning for low memory corruption every 60 seconds
[    0.822933] audit: initializing netlink subsys (disabled)
[    0.823862] audit: type=2000 audit(1615841304.591:1): initialized
[    0.825288] Initialise system trusted keyring
[    0.826419] HugeTLB registered 2 MB page size, pre-allocated 0 pages
[    0.829007] zbud: loaded
[    0.829929] VFS: Disk quotas dquot_6.6.0
[    0.830780] VFS: Dquot-cache hash table entries: 512 (order 0, 4096 bytes)
[    0.832247] squashfs: version 4.0 (2009/01/31) Phillip Lougher
[    0.833641] fuse init (API version 7.23)
[    0.834565] Key type big_key registered
[    0.835390] Allocating IMA MOK and blacklist keyrings.
[    0.837517] Key type asymmetric registered
[    0.838249] Asymmetric key parser 'x509' registered
[    0.839180] Block layer SCSI generic (bsg) driver version 0.4 loaded (major 249)
[    0.840922] io scheduler noop registered
[    0.841744] io scheduler deadline registered (default)
[    0.842817] io scheduler cfq registered
[    0.843713] pci_hotplug: PCI Hot Plug PCI Core version: 0.5
[    0.844808] pciehp: PCI Express Hot Plug Controller Driver version: 0.4
[    0.846193] ACPI: AC Adapter [AC] (on-line)
[    0.847001] input: Power Button as /devices/LNXSYSTM:00/LNXPWRBN:00/input/input0
[    0.848302] ACPI: Power Button [PWRF]
[    0.849080] input: Sleep Button as /devices/LNXSYSTM:00/LNXSLPBN:00/input/input1
[    0.850604] ACPI: Sleep Button [SLPF]
[    0.851970] ACPI: Battery Slot [BAT0] (battery present)
[    0.852953] GHES: HEST is not enabled!
[    0.853713] Serial: 8250/16550 driver, 32 ports, IRQ sharing enabled
[    0.875443] 00:02: ttyS0 at I/O 0x3f8 (irq = 4, base_baud = 115200) is a 16550A
[    0.878020] Linux agpgart interface v0.103
[    0.880233] loop: module loaded
[    0.881450] scsi host0: ata_piix
[    0.882233] scsi host1: ata_piix
[    0.882884] ata1: PATA max UDMA/33 cmd 0x1f0 ctl 0x3f6 bmdma 0xd000 irq 14
[    0.883951] ata2: PATA max UDMA/33 cmd 0x170 ctl 0x376 bmdma 0xd008 irq 15
[    0.885459] libphy: Fixed MDIO Bus: probed
[    0.886400] tun: Universal TUN/TAP device driver, 1.6
[    0.887398] tun: (C) 1999-2004 Max Krasnyansky <maxk@qualcomm.com>
[    0.888589] PPP generic driver version 2.4.2
[    0.889575] ehci_hcd: USB 2.0 'Enhanced' Host Controller (EHCI) Driver
[    0.890812] ehci-pci: EHCI PCI platform driver
[    0.891738] ehci-platform: EHCI generic platform driver
[    0.892789] ohci_hcd: USB 1.1 'Open' Host Controller (OHCI) Driver
[    0.893933] ohci-pci: OHCI PCI platform driver
[    0.894953] ohci-platform: OHCI generic platform driver
[    0.895986] uhci_hcd: USB Universal Host Controller Interface driver
[    0.897258] i8042: PNP: PS/2 Controller [PNP0303:PS2K,PNP0f03:PS2M] at 0x60,0x64 irq 1,12
[    0.899391] serio: i8042 KBD port at 0x60,0x64 irq 1
[    0.900373] serio: i8042 AUX port at 0x60,0x64 irq 12
[    0.901499] mousedev: PS/2 mouse device common for all mice
[    0.902999] input: AT Translated Set 2 keyboard as /devices/platform/i8042/serio0/input/input2
[    0.904826] rtc_cmos rtc_cmos: rtc core: registered rtc_cmos as rtc0
[    0.906222] rtc_cmos rtc_cmos: alarms up to one day, 114 bytes nvram
[    0.907282] i2c /dev entries driver
[    0.908118] device-mapper: uevent: version 1.0.3
[    0.909104] device-mapper: ioctl: 4.34.0-ioctl (2015-10-28) initialised: dm-devel@redhat.com
[    0.910602] ledtrig-cpu: registered to indicate activity on CPUs
[    0.911938] NET: Registered protocol family 10
[    0.912929] NET: Registered protocol family 17
[    0.913716] Key type dns_resolver registered
[    0.915258] registered taskstats version 1
[    0.915993] Loading compiled-in X.509 certificates
[    0.917372] Loaded X.509 cert 'Build time autogenerated kernel key: c0f1dd89d7e09a1955be4fde7c6f946674683c10'
[    0.919123] zswap: loaded using pool lzo/zbud
[    0.921711] Key type trusted registered
[    0.926354] Key type encrypted registered
[    0.927142] AppArmor: AppArmor sha1 policy hashing enabled
[    0.928126] ima: No TPM chip found, activating TPM-bypass!
[    0.929137] ima: Allocated hash algorithm: sha1
[    0.929924] evm: HMAC attrs: 0x1
[    0.930835]   Magic number: 13:19:852
[    0.931600] rtc_cmos rtc_cmos: setting system clock to 2021-03-15 20:48:20 UTC (1615841300)
[    0.933153] BIOS EDD facility v0.16 2004-Jun-25, 0 devices found
[    0.934181] EDD information not available.
[    1.074356] Freeing unused kernel memory: 1496K
[    1.076182] Write protecting the kernel read-only data: 14336k
[    1.079256] Freeing unused kernel memory: 1588K
[    1.080782] Freeing unused kernel memory: 52K
Loading, please wait...
starting version 229
[    1.098976] random: systemd-udevd: uninitialized urandom read (16 bytes read, 3 bits of entropy available)
[    1.099917] random: udevadm: uninitialized urandom read (16 bytes read, 3 bits of entropy available)
[    1.099951] random: udevadm: uninitialized urandom read (16 bytes read, 3 bits of entropy available)
[    1.106331] random: systemd-udevd: uninitialized urandom read (16 bytes read, 3 bits of entropy available)
[    1.109779] random: systemd-udevd: uninitialized urandom read (16 bytes read, 3 bits of entropy available)
[    1.112822] random: udevadm: uninitialized urandom read (16 bytes read, 3 bits of entropy available)
[    1.112893] random: udevadm: uninitialized urandom read (16 bytes read, 3 bits of entropy available)
[    1.113122] random: udevadm: uninitialized urandom read (16 bytes read, 3 bits of entropy available)
[    1.113224] random: udevadm: uninitialized urandom read (16 bytes read, 3 bits of entropy available)
[    1.113327] random: udevadm: uninitialized urandom read (16 bytes read, 3 bits of entropy available)
[    1.188236] e1000: Intel(R) PRO/1000 Network Driver - version 7.3.21-k8-NAPI
[    1.189795] e1000: Copyright (c) 1999-2006 Intel Corporation.
[    1.194817] Fusion MPT base driver 3.04.20
[    1.195850] Copyright (c) 1999-2008 LSI Corporation
[    1.224082] Fusion MPT SPI Host driver 3.04.20
[    1.229186] AVX2 version of gcm_enc/dec engaged.
[    1.230206] AES CTR mode by8 optimization enabled
[    1.422984] input: ImExPS/2 Generic Explorer Mouse as /devices/platform/i8042/serio1/input/input4
[    1.548282] e1000 0000:00:03.0 eth0: (PCI:33MHz:32-bit) 02:6e:7f:8d:d8:76
[    1.551572] e1000 0000:00:03.0 eth0: Intel(R) PRO/1000 Network Connection
[    1.553784] e1000 0000:00:03.0 enp0s3: renamed from eth0
[    1.555122] mptbase: ioc0: Initiating bringup
[    1.617334] ioc0: LSI53C1030 A0: Capabilities={Initiator}
[    1.785062] scsi host2: ioc0: LSI53C1030 A0, FwRev=00000000h, Ports=1, MaxQ=256, IRQ=20
[    1.901587] scsi 2:0:0:0: Direct-Access     VBOX     HARDDISK         1.0  PQ: 0 ANSI: 5
[    1.908895] scsi target2:0:0: Beginning Domain Validation
[    1.917796] scsi target2:0:0: Domain Validation skipping write tests
[    1.922157] scsi target2:0:0: Ending Domain Validation
[    1.927714] scsi target2:0:0: asynchronous
[    1.933213] scsi 2:0:1:0: Direct-Access     VBOX     HARDDISK         1.0  PQ: 0 ANSI: 5
[    1.939022] scsi target2:0:1: Beginning Domain Validation
[    1.949132] scsi target2:0:1: Domain Validation skipping write tests
[    1.953173] scsi target2:0:1: Ending Domain Validation
[    1.985687] scsi target2:0:1: asynchronous
[    2.006608] sd 2:0:0:0: Attached scsi generic sg0 type 0
[    2.007163] sd 2:0:0:0: [sda] 83886080 512-byte logical blocks: (42.9 GB/40.0 GiB)
[    2.007311] sd 2:0:0:0: [sda] Write Protect is off
[    2.007410] sd 2:0:0:0: [sda] Incomplete mode parameter data
[    2.007413] sd 2:0:0:0: [sda] Assuming drive cache: write through
[    2.012965] sd 2:0:1:0: Attached scsi generic sg1 type 0
[    2.014619] sd 2:0:1:0: [sdb] 20480 512-byte logical blocks: (10.5 MB/10.0 MiB)
[    2.016306] sd 2:0:1:0: [sdb] Write Protect is off
[    2.016330]  sda: sda1
[    2.017946] sd 2:0:1:0: [sdb] Incomplete mode parameter data
[    2.018741] sd 2:0:0:0: [sda] Attached SCSI disk
[    2.020042] sd 2:0:1:0: [sdb] Assuming drive cache: write through
[    2.023842] sd 2:0:1:0: [sdb] Attached SCSI disk
Begin: Loading essential drivers ... [    3.760764] md: linear personality registered for level -1
[    3.764546] md: multipath personality registered for level -4
[    3.768244] md: raid0 personality registered for level 0
[    3.772718] md: raid1 personality registered for level 1
[    3.844542] raid6: sse2x1   gen()  9013 MB/s
[    3.912522] raid6: sse2x1   xor()  7540 MB/s
[    3.980530] raid6: sse2x2   gen() 12420 MB/s
[    4.048523] raid6: sse2x2   xor()  8683 MB/s
[    4.116531] raid6: sse2x4   gen() 14152 MB/s
[    4.184495] raid6: sse2x4   xor()  9422 MB/s
[    4.252497] raid6: avx2x1   gen() 18003 MB/s
[    4.320501] raid6: avx2x2   gen() 23284 MB/s
[    4.388510] raid6: avx2x4   gen() 25933 MB/s
[    4.389886] raid6: using algorithm avx2x4 gen() 25933 MB/s
[    4.390824] raid6: using avx2x2 recovery algorithm
[    4.393197] xor: automatically using best checksumming function:
[    4.484332]    avx       : 77320.000 MB/sec
[    4.486545] async_tx: api initialized (async)
[    4.497093] md: raid6 personality registered for level 6
[    4.498381] md: raid5 personality registered for level 5
[    4.499559] md: raid4 personality registered for level 4
[    4.506208] md: raid10 personality registered for level 10
done.
Begin: Running /scripts/init-premount ... done.
Begin: Mounting root file system ... Begin: Running /scripts/local-top ... done.
Begin: Running /scripts/local-premount ... [    4.541685] Btrfs loaded
Scanning for Btrfs filesystems
done.
Warning: fsck not present, so skipping root file system
[    4.579278] EXT4-fs (sda1): mounted filesystem with ordered data mode. Opts: (null)
done.
Begin: Running /scripts/local-bottom ... done.
Begin: Running /scripts/init-bottom ... done.
[    4.762286] systemd[1]: systemd 229 running in system mode. (+PAM +AUDIT +SELINUX +IMA +APPARMOR +SMACK +SYSVINIT +UTMP +LIBCRYPTSETUP +GCRYPT +GNUTLS +ACL +XZ -LZ4 +SECCOMP +BLKID +ELFUTILS +KMOD -IDN)
[    4.776003] systemd[1]: Detected virtualization oracle.
[    4.778743] systemd[1]: Detected architecture x86-64.

Welcome to [1mUbuntu 16.04.7 LTS[0m!

[    4.786588] systemd[1]: Set hostname to <ubuntu>.
[    4.791111] systemd[1]: Initializing machine ID from random generator.
[    4.793037] systemd[1]: Installed transient /etc/machine-id file.
[    4.958008] systemd[1]: Listening on /dev/initctl Compatibility Named Pipe.
[[0;32m  OK  [0m] Listening on /dev/initctl Compatibility Named Pipe.
[    4.960416] systemd[1]: Started Forward Password Requests to Wall Directory Watch.
[[0;32m  OK  [0m] Started Forward Password Requests to Wall Directory Watch.
[    4.962939] systemd[1]: Listening on udev Control Socket.
[[0;32m  OK  [0m] Listening on udev Control Socket.
[    4.964951] systemd[1]: Listening on LVM2 poll daemon socket.
[[0;32m  OK  [0m] Listening on LVM2 poll daemon socket.
[    4.966983] systemd[1]: Listening on Journal Socket.
[[0;32m  OK  [0m] Listening on Journal Socket.
[    4.968821] systemd[1]: Created slice User and Session Slice.
[[0;32m  OK  [0m] Created slice User and Session Slice.
[    4.970536] systemd[1]: Reached target System Time Synchronized.
[[0;32m  OK  [0m] Reached target System Time Synchronized.
[    4.972305] systemd[1]: Started Trigger resolvconf update for networkd DNS.
[[0;32m  OK  [0m] Started Trigger resolvconf update for networkd DNS.
[    4.975923] systemd[1]: Created slice System Slice.
[[0;32m  OK  [0m] Created slice System Slice.
[    4.977679] systemd[1]: Created slice system-serial\x2dgetty.slice.
[[0;32m  OK  [0m] Created slice system-serial\x2dgetty.slice.
[    4.979484] systemd[1]: Reached target Slices.
[[0;32m  OK  [0m] Reached target Slices.
[    4.992729] systemd[1]: Mounting Huge Pages File System...
         Mounting Huge Pages File System...
[    4.996049] systemd[1]: Starting Set console keymap...
         Starting Set console keymap...
[    4.998912] systemd[1]: Mounting POSIX Message Queue File System...
         Mounting POSIX Message Queue File System...
[    5.001174] systemd[1]: Reached target Encrypted Volumes.
[[0;32m  OK  [0m] Reached target Encrypted Volumes.
[    5.009291] systemd[1]: Mounting Debug File System...
         Mounting Debug File System...
[    5.011544] systemd[1]: Starting Create list of required static device nodes for the current kernel...
         Starting Create list of required st... nodes for the current kernel...
[    5.016217] systemd[1]: Starting Load Kernel Modules...
         Starting Load Kernel Modules...
[    5.018536] systemd[1]: Listening on LVM2 metadata daemon socket.
[[0;32m  OK  [0m] Listening on LVM2 metadata daemon socket.
[    5.020586] systemd[1]: Listening on udev Kernel Socket.
[[0;32m  OK  [0m] Listening on udev Kernel Socket.
[    5.025008] systemd[1]: Starting Uncomplicated firewall...
         Starting Uncomplicated firewall...
[    5.027239] systemd[1]: Reached target Swap.
[[0;32m  OK  [0m] Reached target Swap.
[    5.030755] Loading iSCSI transport class v2.0-870.
[    5.031908] systemd[1]: Set up automount Arbitrary Executable File Formats File System Automount Point.
[[0;32m  OK  [0m] Set up automount Arbitrary Executab...ats File System Automount Point.
[    5.037404] systemd[1]: Reached target User and Group Name Lookups.
[[0;32m  OK  [0m] Reached target User and Group Name Lookups.
[    5.040369] systemd[1]: Listening on Journal Audit Socket.
[[0;32m  OK  [0m] Listening on Journal Audit Socket.
[    5.043295] systemd[1]: Starting Nameserver information manager...
         Starting Nameserver information manager...
[    5.047019] systemd[1]: Listening on Journal Socket (/dev/log).
[[0;32m  OK  [0m] Listening on Journal Socket (/dev/log).
[    5.049080] systemd[1]: Listening on Device-mapper event daemon FIFOs.
[[0;32m  OK  [0m] Listening on Device-mapper event daemon FIFOs.
[    5.051905] systemd[1]: Starting Monitoring of LVM2 mirrors, snapshots etc. using dmeventd or progress polling...

    5.054335] iscsi: registered transport (tcp)
         Starting Monitoring of LVM2 mirrors... dmeventd or progress polling...
[    5.057143] systemd[1]: Starting Remount Root and Kernel File Systems...
         Starting Remount Root and Kernel File Systems...
[    5.060122] systemd[1]: Listening on Syslog Socket.
[[0;32m  OK  [0m] Listening on Syslog Socket.
[    5.063282] systemd[1]: Starting Journal Service...
[    5.063811] EXT4-fs (sda1): re-mounted. Opts: (null)
         Starting Journal Service...
[    5.068834] systemd[1]: Mounted Debug File System.
[[0;32m  OK  [0m] Mounted Debug File System.
[    5.070507] systemd[1]: Mounted POSIX Message Queue File System.
[[0;32m  OK  [0m] Mounted POSIX Message Queue File System.
[    5.072648] systemd[1]: Mounted Huge Pages File System.
[[0;32m  OK  [0m] Mounted Huge Pages File System.
[    5.076370] systemd[1]: Started Set console keymap.
[[0;32m  OK  [0m] Started Set console keymap.
[    5.078845] systemd[1]: Started Create list of required static device nodes for the current kernel.
[[0;32m  OK  [0m] Started Create list of required sta...ce nodes for the current kernel.
[    5.084104] systemd[1]: Started Uncomplicated firewall.
[[0;32m  OK  [0m] Started Uncomplicated firewall.
[    5.094019] systemd[1]: Started Remount Root and Kernel File Systems.
[[0;32m  OK  [0m] Started Remount Root and Kernel File Systems.
[    5.100028] systemd[1]: Started Nameserver information manager.
[[0;32m  OK  [0m] Started Nameserver information manager.
[    5.104951] systemd[1]: Started LVM2 metadata daemon.
[[0;32m  OK  [0m] Started LVM2 metadata daemon.
[    5.111490] systemd[1]: Starting Load/Save Random Seed...
         Starting Load/Save Random Seed...
[    5.117540] iscsi: registered transport (iser)
[    5.119309] systemd[1]: Starting udev Coldplug all Devices...
         Starting udev Coldplug all Devices...
[    5.122164] systemd[1]: Starting Create Static Device Nodes in /dev...
         Starting Create Static Device Nodes in /dev...
[    5.128160] systemd[1]: Started Journal Service.
[[0;32m  OK  [0m] Started Journal Service.
[[0;32m  OK  [0m] Started Load Kernel Modules.
[[0;32m  OK  [0m] Started Load/Save Random Seed.
         Starting Apply Kernel Variables...
         Mounting FUSE Control File System...
         Starting Flush Journal to Persistent Storage...
[[0;32m  OK  [0m] Mounted FUSE Control File System.
[    5.152212] systemd-journald[410]: Received request to flush runtime journal from PID 1
[[0;32m  OK  [0m] Started Flush Journal to Persistent Storage.
[[0;32m  OK  [0m] Started Apply Kernel Variables.
[[0;32m  OK  [0m] Started Create Static Device Nodes in /dev.
         Starting udev Kernel Device Manager...
[[0;32m  OK  [0m] Started udev Coldplug all Devices.
[[0;32m  OK  [0m] Started udev Kernel Device Manager.
[[0;32m  OK  [0m] Started Dispatch Password Requests to Console Directory Watch.
[[0;32m  OK  [0m] Found device /dev/ttyS0.
[[0;32m  OK  [0m] Listening on Load/Save RF Kill Switch Status /dev/rfkill Watch.
[[0;32m  OK  [0m] Started Monitoring of LVM2 mirrors,...ng dmeventd or progress polling.
[[0;32m  OK  [0m] Reached target Local File Systems (Pre).
[[0;32m  OK  [0m] Reached target Local File Systems.
         Starting Set console font and keymap...
         Starting Create Volatile Files and Directories...
         Starting LSB: AppArmor initialization...
         Starting Tell Plymouth To Write Out Runtime Data...
         Starting Commit a transient machine-id on disk...
         Starting Initial cloud-init job (pre-networking)...
[[0;32m  OK  [0m] Started Create Volatile Files and Directories.
[[0;32m  OK  [0m] Started Tell Plymouth To Write Out Runtime Data.
[[0;32m  OK  [0m] Started Commit a transient machine-id on disk.
         Starting Update UTMP about System Boot/Shutdown...
[[0;32m  OK  [0m] Started Update UTMP about System Boot/Shutdown.
[[0;32m  OK  [0m] Started Set console font and keymap.
[[0;32m  OK  [0m] Created slice system-getty.slice.
[[0;32m  OK  [0m] Started LSB: AppArmor initialization.
         Starting Load AppArmor profiles managed internally by snapd...
[[0;32m  OK  [0m] Started Load AppArmor profiles managed internally by snapd.
[    7.132774] cloud-init[641]: Cloud-init v. 20.4.1-0ubuntu1~16.04.1 running 'init-local' at Mon, 15 Mar 2021 20:48:26 +0000. Up 6.84 seconds.
[[0;32m  OK  [0m] Started Initial cloud-init job (pre-networking).
[[0;32m  OK  [0m] Reached target Network (Pre).
         Starting Raise network interfaces...
[[0;32m  OK  [0m] Started Raise network interfaces.
         Starting Initial cloud-init job (metadata service crawler)...
[[0;32m  OK  [0m] Reached target Network.
[    8.436502] cloud-init[957]: Cloud-init v. 20.4.1-0ubuntu1~16.04.1 running 'init' at Mon, 15 Mar 2021 20:48:27 +0000. Up 7.71 seconds.
[    8.438210] cloud-init[957]: ci-info: ++++++++++++++++++++++++++++++++++++++Net device info++++++++++++++++++++++++++++++++++++++
[    8.440514] cloud-init[957]: ci-info: +--------+------+----------------------------+---------------+--------+-------------------+
[    8.442275] cloud-init[957]: ci-info: | Device |  Up  |          Address           |      Mask     | Scope  |     Hw-Address    |
[    8.443970] cloud-init[957]: ci-info: +--------+------+----------------------------+---------------+--------+-------------------+
[    8.445642] cloud-init[957]: ci-info: | enp0s3 | True |         10.0.2.15          | 255.255.255.0 | global | 02:6e:7f:8d:d8:76 |
[    8.447105] cloud-init[957]: ci-info: | enp0s3 | True | fe80::6e:7fff:fe8d:d876/64 |       .       |  link  | 02:6e:7f:8d:d8:76 |
[    8.448781] cloud-init[957]: ci-info: |   lo   | True |         127.0.0.1          |   255.0.0.0   |  host  |         .         |
[    8.450541] cloud-init[957]: ci-info: |   lo   | True |          ::1/128           |       .       |  host  |         .         |
[    8.451930] cloud-init[957]: ci-info: +--------+------+----------------------------+---------------+--------+-------------------+
[    8.453407] cloud-init[957]: ci-info: +++++++++++++++++++++++++++Route IPv4 info++++++++++++++++++++++++++++
[    8.455767] cloud-init[957]: ci-info: +-------+-------------+----------+---------------+-----------+-------+
[    8.457065] cloud-init[957]: ci-info: | Route | Destination | Gateway  |    Genmask    | Interface | Flags |
[    8.458710] cloud-init[957]: ci-info: +-------+-------------+----------+---------------+-----------+-------+
[    8.459990] cloud-init[957]: ci-info: |   0   |   0.0.0.0   | 10.0.2.2 |    0.0.0.0    |   enp0s3  |   UG  |
[    8.461407] cloud-init[957]: ci-info: |   1   |   10.0.2.0  | 0.0.0.0  | 255.255.255.0 |   enp0s3  |   U   |
[    8.462896] cloud-init[957]: ci-info: +-------+-------------+----------+---------------+-----------+-------+
[    8.464137] cloud-init[957]: ci-info: +++++++++++++++++++Route IPv6 info+++++++++++++++++++
[    8.465283] cloud-init[957]: ci-info: +-------+-------------+---------+-----------+-------+
[    8.472516] cloud-init[957]: ci-info: | Route | Destination | Gateway | Interface | Flags |
[    8.473751] cloud-init[957]: ci-info: +-------+-------------+---------+-----------+-------+
[    8.475050] cloud-init[957]: ci-info: |   0   |  fe80::/64  |    ::   |   enp0s3  |   U   |
[    8.476379] cloud-init[957]: ci-info: |   3   |   ff00::/8  |    ::   |   enp0s3  |   U   |
[    8.477630] cloud-init[957]: ci-info: +-------+-------------+---------+-----------+-------+
[    8.478892] cloud-init[957]: Generating public/private rsa key pair.
[    8.484411] cloud-init[957]: Your identification has been saved in /etc/ssh/ssh_host_rsa_key.
[    8.485606] cloud-init[957]: Your public key has been saved in /etc/ssh/ssh_host_rsa_key.pub.
[    8.487409] cloud-init[957]: The key fingerprint is:
[    8.488896] cloud-init[957]: SHA256:pPSena+SXpRJtLuU5e1lRNpHhGmmTnCsWKnyuIdefY4 root@ubuntu-xenial
[    8.490264] cloud-init[957]: The key's randomart image is:
[    8.491278] cloud-init[957]: +---[RSA 2048]----+
[    8.492167] cloud-init[957]: |          .o   ++|
[    8.493144] cloud-init[957]: |         .+.o == |
[    8.494074] cloud-init[957]: |      . .+o+.+. +|
[    8.494986] cloud-init[957]: |     ..+o..Bo. ..|
[    8.495945] cloud-init[957]: |      .+S Bo. . o|
[    8.497068] cloud-init[957]: |      ...* o.. o |
[    8.498349] cloud-init[957]: |       o+.* . .  |
[    8.499286] cloud-init[957]: |      o.+. =     |
[    8.500208] cloud-init[957]: |     ..o..E.o    |
[    8.501136] cloud-init[957]: +----[SHA256]-----+
[    8.502077] cloud-init[957]: Generating public/private dsa key pair.
[    8.503183] cloud-init[957]: Your identification has been saved in /etc/ssh/ssh_host_dsa_key.
[    8.504652] cloud-init[957]: Your public key has been saved in /etc/ssh/ssh_host_dsa_key.pub.
[    8.506222] cloud-init[957]: The key fingerprint is:
[    8.507846] cloud-init[957]: SHA256:1Ce9bna7XFfq02hDvR3ujeZEOeF/4SjadNL3WIfjcCY root@ubuntu-xenial
[    8.509298] cloud-init[957]: The key's randomart image is:
[    8.510274] cloud-init[957]: +---[DSA 1024]----+
[    8.511208] cloud-init[957]: |                 |
[    8.516436] cloud-init[957]: |         . .     |
[    8.517520] cloud-init[957]: |        . o o .  |
[    8.518448] cloud-init[957]: |       .   o o o |
[    8.519406] cloud-init[957]: |        S   . =o.|
[    8.520396] cloud-init[957]: |           ...+*+|
[    8.521321] cloud-init[957]: |           +E=X=@|
[    8.522365] cloud-init[957]: |          +o+@BXO|
[    8.523367] cloud-init[957]: |         . . +@=o|
[    8.524359] cloud-init[957]: +----[SHA256]-----+
[    8.525281] cloud-init[957]: Generating public/private ecdsa key pair.
[    8.526468] cloud-init[957]: Your identification has been saved in /etc/ssh/ssh_host_ecdsa_key.
[    8.527903] cloud-init[957]: Your public key has been saved in /etc/ssh/ssh_host_ecdsa_key.pub.
[    8.529231] cloud-init[957]: The key fingerprint is:
[    8.530203] cloud-init[957]: SHA256:fnLZ0LKoaDk0QNnw6PqHXxzpnVO7AH0ERu7Z2igbKDo root@ubuntu-xenial
[    8.531549] cloud-init[957]: The key's randomart image is:
[    8.532529] cloud-init[957]: +---[ECDSA 256]---+
[    8.533402] cloud-init[957]: |  .+   .+        |
[    8.534263] cloud-init[957]: |  oo.  o .       |
[    8.535232] cloud-init[957]: | .. .   . .      |
[    8.544843] cloud-init[957]: | ..    + + .     |
[    8.552499] cloud-init[957]: |  ..  + S * .    |
[    8.552843] cloud-init[957]: | .  o+ = O B     |
[    8.553121] cloud-init[957]: |. .o.o* @ B .    |
[    8.554064] cloud-init[957]: |Eo..=o = * .     |
[[0;32m  OK  [0m] Started Initial cloud-init job (metadata service crawler).
[    8.554544] cloud-init[957]: |...+o.o   .      |
[    8.557687] cloud-init[957]: +----[SHA256]-----+
[    8.557957] cloud-init[957]: Generating public/private ed25519 key pair.
[    8.558588] cloud-init[957]: Your identification has been saved in /etc/ssh/ssh_host_ed25519_key.
[    8.559214] cloud-init[957]: Your public key has been saved in /etc/ssh/ssh_host_ed25519_key.pub.
[    8.559845] cloud-init[957]: The key fingerprint is:
[    8.560684] cloud-init[957]: SHA256:2D5BIttKOdMx0ixIzeJlbn1NLLvjGWwQC8KQ5zibneU root@ubuntu-xenial
[    8.561261] cloud-init[957]: The key's randomart image is:
[[0;32m  OK  [0m] Reached target Cloud-config availability.
[    8.561620] cloud-init[957]: +--[ED25519 256]--+
[    8.565791] cloud-init[957]: |.+.o     .       |
[    8.566283] cloud-init[957]: |..=.*o. . o      |
[    8.566824] cloud-init[957]: | =.*+o*o.=       |
[    8.567338] cloud-init[957]: |o o +O+Bo .      |
[    8.567789] cloud-init[957]: | = =* ++S.       |
[    8.568157] cloud-init[957]: |o o.E+ .*.       |
[    8.568570] cloud-init[957]: |    .  oo+       |
[[0;32m  OK  [0m] Reached target System Initialization.
[[    8.568747] cloud-init[957]: |        o.       |
[    8.570997] cloud-init[957]: |                 |
[0;32m  OK  [0m] Listening on ACPID Listen Socket.
[    8.571159] cloud-init[957]: +----[SHA256]-----+
         Starting Socket activation for snappy daemon.
[[0;32m  OK  [0m] Started Daily apt download activities.
[[0;32m  OK  [0m] Started Daily apt upgrade and clean activities.
[[0;32m  OK  [0m] Started Message of the Day.
[[0;32m  OK  [0m] Listening on UUID daemon activation socket.
[[0;32m  OK  [0m] Started ACPI Events Check.
[[0;32m  OK  [0m] Reached target Paths.
[[0;32m  OK  [0m] Started Daily Cleanup of Temporary Directories.
[[0;32m  OK  [0m] Reached target Timers.
[[0;32m  OK  [0m] Listening on D-Bus System Message Bus Socket.
         Starting LXD - unix socket.
[[0;32m  OK  [0m] Reached target Network is Online.
         Starting iSCSI initiator daemon (iscsid)...
[[0;32m  OK  [0m] Listening on Socket activation for snappy daemon.
[[0;32m  OK  [0m] Listening on LXD - unix socket.
[[0;32m  OK  [0m] Reached target Sockets.
[[0;32m  OK  [0m] Reached target Basic System.
[[0;32m  OK  [0m] Started Deferred execution scheduler.
         Starting Pollinate to seed the pseudo random number generator...
[[0;32m  OK  [0m] Started ACPI event daemon.
         Starting LSB: MD monitoring daemon...
         Starting System Logging Service...
[[0;32m  OK  [0m] Started FUSE filesystem for LXC.
[[0;32m  OK  [0m] Started D-Bus System Message Bus.
         Starting Accounts Service...
         Starting Login Service...
         Starting LSB: Record successful boot for GRUB...
         Starting /etc/rc.local Compatibility...
         Starting LXD - container startup/shutdown...
[[0;32m  OK  [0m] Started Regular background program processing daemon.
         Starting Virtualbox guest utils...
         Starting Snap Daemon...
[[0;32m  OK  [0m] Started System Logging Service.
[[0;32m  OK  [0m] Started iSCSI initiator daemon (iscsid).
[[0;32m  OK  [0m] Started /etc/rc.local Compatibility.
         Starting Login to default iSCSI targets...
[[0;32m  OK  [0m] Started Login Service.
[[0;32m  OK  [0m] Started Unattended Upgrades Shutdown.
[[0;32m  OK  [0m] Started Login to default iSCSI targets.
[[0;32m  OK  [0m] Reached target Remote File Systems (Pre).
[[0;32m  OK  [0m] Reached target Remote File Systems.
         Starting Permit User Sessions...
         Starting LSB: daemon to balance interrupts for SMP systems...
         Starting LSB: automatic crash report generation...
         Starting LSB: Set the CPU Frequency Scaling governor to "ondemand"...
[[0;32m  OK  [0m] Started LSB: MD monitoring daemon.
[[0;32m  OK  [0m] Started Permit User Sessions.
         Starting Terminate Plymouth Boot Screen...
         Starting Hold until boot process finishes up...
[[0;32m  OK  [0m] Started Hold until boot process finishes up.
[[0;32m  OK  [0m] Started Serial Getty on ttyS0.
[[0;32m  OK  [0m] Started Getty on tty1.
[[0;32m  OK  [0m] Reached target Login Prompts.
         Starting Set console scheme...
[[0;32m  OK  [0m] Started Terminate Plymouth Boot Screen.
[[0;32m  OK  [0m] Started Set console scheme.
[[0;32m  OK  [0m] Started LSB: Record successful boot for GRUB.
[[0;32m  OK  [0m] Started LSB: Set the CPU Frequency Scaling governor to "ondemand".
[[0;32m  OK  [0m] Started LSB: automatic crash report generation.
         Starting Authenticate and Authorize Users to Run Privileged Tasks...
[[0;32m  OK  [0m] Started LSB: daemon to balance interrupts for SMP systems.
[[0;32m  OK  [0m] Started Authenticate and Authorize Users to Run Privileged Tasks.
[[0;32m  OK  [0m] Started Accounts Service.
[[0;32m  OK  [0m] Started Virtualbox guest utils.
[[0;32m  OK  [0m] Started LXD - container startup/shutdown.
[[0;32m  OK  [0m] Started Snap Daemon.
         Starting Wait until snapd is fully seeded...
[[0;32m  OK  [0m] Started Pollinate to seed the pseudo random number generator.
         Starting OpenBSD Secure Shell server...
[[0;32m  OK  [0m] Started OpenBSD Secure Shell server.
[[0;32m  OK  [0m] Created slice User Slice of vagrant.
         Starting User Manager for UID 1000...
[[0;32m  OK  [0m] Started Session 1 of user vagrant.
[[0;32m  OK  [0m] Started User Manager for UID 1000.
[[0;32m  OK  [0m] Started Wait until snapd is fully seeded.
[[0;32m  OK  [0m] Reached target Multi-User System.
[[0;32m  OK  [0m] Reached target Graphical Interface.
         Starting Update UTMP about System Runlevel Changes...
         Starting Apply the settings specified in cloud-config...
[[0;32m  OK  [0m] Started Update UTMP about System Runlevel Changes.
[   13.790318] cloud-init[1374]: Generating locales (this might take a while)...
[   14.577703] cloud-init[1374]:   en_US.UTF-8... done
[   14.579968] cloud-init[1374]: Generation complete.

Ubuntu 16.04.7 LTS ubuntu-xenial ttyS0

ubuntu-xenial login: [   14.923854] cloud-init[1374]: Cloud-init v. 20.4.1-0ubuntu1~16.04.1 running 'modules:config' at Mon, 15 Mar 2021 20:48:33 +0000. Up 13.64 seconds.
ci-info: no authorized SSH keys fingerprints found for user ubuntu.
<14>Mar 15 20:48:35 ec2: 
<14>Mar 15 20:48:35 ec2: #############################################################
<14>Mar 15 20:48:35 ec2: -----BEGIN SSH HOST KEY FINGERPRINTS-----
<14>Mar 15 20:48:35 ec2: 1024 SHA256:1Ce9bna7XFfq02hDvR3ujeZEOeF/4SjadNL3WIfjcCY root@ubuntu-xenial (DSA)
<14>Mar 15 20:48:35 ec2: 256 SHA256:fnLZ0LKoaDk0QNnw6PqHXxzpnVO7AH0ERu7Z2igbKDo root@ubuntu-xenial (ECDSA)
<14>Mar 15 20:48:35 ec2: 256 SHA256:2D5BIttKOdMx0ixIzeJlbn1NLLvjGWwQC8KQ5zibneU root@ubuntu-xenial (ED25519)
<14>Mar 15 20:48:35 ec2: 2048 SHA256:pPSena+SXpRJtLuU5e1lRNpHhGmmTnCsWKnyuIdefY4 root@ubuntu-xenial (RSA)
<14>Mar 15 20:48:35 ec2: -----END SSH HOST KEY FINGERPRINTS-----
<14>Mar 15 20:48:35 ec2: #############################################################
-----BEGIN SSH HOST KEY KEYS-----
ecdsa-sha2-nistp256 AAAAE2VjZHNhLXNoYTItbmlzdHAyNTYAAAAIbmlzdHAyNTYAAABBBAeTIJnGKVnGU+0ncrwCpe3gjsWcCI+1WcJ1e8pvyUZutbIGe0NnEvJoJrTWIS98Jt7LpV7RL9PzptK09YWuSkQ= root@ubuntu-xenial
ssh-ed25519 AAAAC3NzaC1lZDI1NTE5AAAAIBtiCOkROCH6i3MYdTf6OKoa87WbRJ/5Vu0yL+eeCPPZ root@ubuntu-xenial
ssh-rsa AAAAB3NzaC1yc2EAAAADAQABAAABAQDx0eXR85Tm0hB5ZhI5eDLr7hzYuD1g5vHg1L9qhwvq2q63lneBgQxKzal6XwU4PxeUlZ0sIcRIkT4TI+WVPNOdAY++FU+MOQfnLVQe7FoEwhEUCi2aJROtFBzT+UIFPYIBUsdN/wCUls/EMSkDnBXpN5oj1ynaouJ5I3WS7hWdPhX6Nnsb1+SDA9SDPuw7IiZlpWrSTmLtc45a1S3xfxc2ftOPYHHo4d0Pyvw1V8PcAWY3P7DyvXVpiOLPlRsQ9EwJhl1pwiwaJKWNKvHzeRei2y79iqehgZduIKvY/BsM+O35nj8akGjG+Yif1FHNK7jJwYM/Dc4TNvo0mBxpBIcF root@ubuntu-xenial
-----END SSH HOST KEY KEYS-----
[   15.420022] cloud-init[1500]: Cloud-init v. 20.4.1-0ubuntu1~16.04.1 running 'modules:final' at Mon, 15 Mar 2021 20:48:35 +0000. Up 15.26 seconds.
[   15.420323] cloud-init[1500]: ci-info: no authorized SSH keys fingerprints found for user ubuntu.
[   15.420931] cloud-init[1500]: Cloud-init v. 20.4.1-0ubuntu1~16.04.1 finished at Mon, 15 Mar 2021 20:48:35 +0000. Datasource DataSourceNoCloud [seed=/dev/sdb][dsmode=net].  Up 15.41 seconds
